<?xml version="1.0" encoding="UTF-8"?>
<testng-results skipped="0" failed="0" ignored="0" total="2" passed="2">
  <reporter-output>
  </reporter-output>
  <suite name="Default suite" duration-ms="32779" started-at="2017-11-01T16:30:45Z" finished-at="2017-11-01T16:31:18Z">
    <groups>
    </groups>
    <test name="Default test" duration-ms="32779" started-at="2017-11-01T16:30:45Z" finished-at="2017-11-01T16:31:18Z">
      <class name="testcases.LoginApplication">
        <test-method status="PASS" signature="Login()[pri:0, instance:testcases.LoginApplication@174d20a]" name="Login" duration-ms="18593" started-at="2017-11-01T11:30:46Z" finished-at="2017-11-01T11:31:04Z">
          <reporter-output>
          </reporter-output>
        </test-method> <!-- Login -->
        <test-method status="PASS" signature="SearchItem()[pri:0, instance:testcases.LoginApplication@174d20a]" name="SearchItem" duration-ms="14106" started-at="2017-11-01T11:31:04Z" finished-at="2017-11-01T11:31:18Z">
          <reporter-output>
          </reporter-output>
        </test-method> <!-- SearchItem -->
      </class> <!-- testcases.LoginApplication -->
    </test> <!-- Default test -->
  </suite> <!-- Default suite -->
</testng-results>
